<?xml version="1.0" encoding="UTF-8"?>
<testng-results ignored="0" total="1" passed="1" failed="0" skipped="0">
  <reporter-output>
  </reporter-output>
  <suite started-at="2025-09-12T23:13:00 EDT" name="Default suite" finished-at="2025-09-12T23:13:17 EDT" duration-ms="17489">
    <groups>
    </groups>
    <test started-at="2025-09-12T23:13:00 EDT" name="Default test" finished-at="2025-09-12T23:13:17 EDT" duration-ms="17489">
      <class name="tests.LoginTest">
        <test-method is-config="true" signature="setup()[pri:0, instance:tests.LoginTest@5fe94a96]" started-at="2025-09-12T23:13:00 EDT" name="setup" finished-at="2025-09-12T23:13:11 EDT" duration-ms="10868" status="PASS">
          <reporter-output>
          </reporter-output>
        </test-method> <!-- setup -->
        <test-method signature="testValidLogin()[pri:0, instance:tests.LoginTest@5fe94a96]" started-at="2025-09-12T23:13:11 EDT" name="testValidLogin" finished-at="2025-09-12T23:13:16 EDT" duration-ms="5497" status="PASS">
          <reporter-output>
          </reporter-output>
        </test-method> <!-- testValidLogin -->
        <test-method is-config="true" signature="tearDown()[pri:0, instance:tests.LoginTest@5fe94a96]" started-at="2025-09-12T23:13:16 EDT" name="tearDown" finished-at="2025-09-12T23:13:17 EDT" duration-ms="1013" status="PASS">
          <reporter-output>
          </reporter-output>
        </test-method> <!-- tearDown -->
      </class> <!-- tests.LoginTest -->
    </test> <!-- Default test -->
  </suite> <!-- Default suite -->
</testng-results>
