<?xml version="1.0" encoding="UTF-8"?>
<testng-results ignored="0" total="1" passed="1" failed="0" skipped="0">
  <reporter-output>
  </reporter-output>
  <suite started-at="2025-09-13T01:06:19 EDT" name="Default suite" finished-at="2025-09-13T01:06:36 EDT" duration-ms="17421">
    <groups>
    </groups>
    <test started-at="2025-09-13T01:06:19 EDT" name="Default test" finished-at="2025-09-13T01:06:36 EDT" duration-ms="17421">
      <class name="tests.LoginTest">
        <test-method is-config="true" signature="setupReport()[pri:0, instance:tests.LoginTest@62ddbd7e]" started-at="2025-09-13T01:06:18 EDT" name="setupReport" finished-at="2025-09-13T01:06:19 EDT" duration-ms="468" status="PASS">
          <reporter-output>
          </reporter-output>
        </test-method> <!-- setupReport -->
        <test-method is-config="true" signature="setup()[pri:0, instance:tests.LoginTest@62ddbd7e]" started-at="2025-09-13T01:06:19 EDT" name="setup" finished-at="2025-09-13T01:06:32 EDT" duration-ms="12924" status="PASS">
          <reporter-output>
          </reporter-output>
        </test-method> <!-- setup -->
        <test-method signature="testValidLogin()[pri:0, instance:tests.LoginTest@62ddbd7e]" started-at="2025-09-13T01:06:32 EDT" name="testValidLogin" finished-at="2025-09-13T01:06:35 EDT" duration-ms="3643" status="PASS">
          <reporter-output>
          </reporter-output>
        </test-method> <!-- testValidLogin -->
        <test-method is-config="true" signature="tearDown()[pri:0, instance:tests.LoginTest@62ddbd7e]" started-at="2025-09-13T01:06:35 EDT" name="tearDown" finished-at="2025-09-13T01:06:36 EDT" duration-ms="782" status="PASS">
          <reporter-output>
          </reporter-output>
        </test-method> <!-- tearDown -->
        <test-method is-config="true" signature="teardownReport()[pri:0, instance:tests.LoginTest@62ddbd7e]" started-at="2025-09-13T01:06:36 EDT" name="teardownReport" finished-at="2025-09-13T01:06:37 EDT" duration-ms="649" status="PASS">
          <reporter-output>
          </reporter-output>
        </test-method> <!-- teardownReport -->
      </class> <!-- tests.LoginTest -->
    </test> <!-- Default test -->
  </suite> <!-- Default suite -->
</testng-results>
